c:\users\fedor\source\repos\lab4oop\volumetricshape\debug\volumetricshape.pch
c:\users\fedor\source\repos\lab4oop\volumetricshape\debug\vc141.pdb
c:\users\fedor\source\repos\lab4oop\volumetricshape\debug\vc141.idb
c:\users\fedor\source\repos\lab4oop\volumetricshape\debug\stdafx.obj
c:\users\fedor\source\repos\lab4oop\volumetricshape\debug\bodycontroller.obj
c:\users\fedor\source\repos\lab4oop\volumetricshape\debug\cbody.obj
c:\users\fedor\source\repos\lab4oop\volumetricshape\debug\ccompound.obj
c:\users\fedor\source\repos\lab4oop\volumetricshape\debug\ccone.obj
c:\users\fedor\source\repos\lab4oop\volumetricshape\debug\ccylinder.obj
c:\users\fedor\source\repos\lab4oop\volumetricshape\debug\cparallelepiped.obj
c:\users\fedor\source\repos\lab4oop\volumetricshape\debug\csphere.obj
c:\users\fedor\source\repos\lab4oop\volumetricshape\debug\volumetricshape.obj
c:\users\fedor\source\repos\lab4oop\debug\volumetricshape.exe
c:\users\fedor\source\repos\lab4oop\debug\volumetricshape.ilk
c:\users\fedor\source\repos\lab4oop\debug\volumetricshape.pdb
c:\users\fedor\source\repos\lab4oop\volumetricshape\debug\volumetricshape.tlog\cl.command.1.tlog
c:\users\fedor\source\repos\lab4oop\volumetricshape\debug\volumetricshape.tlog\cl.read.1.tlog
c:\users\fedor\source\repos\lab4oop\volumetricshape\debug\volumetricshape.tlog\cl.write.1.tlog
c:\users\fedor\source\repos\lab4oop\volumetricshape\debug\volumetricshape.tlog\link.command.1.tlog
c:\users\fedor\source\repos\lab4oop\volumetricshape\debug\volumetricshape.tlog\link.read.1.tlog
c:\users\fedor\source\repos\lab4oop\volumetricshape\debug\volumetricshape.tlog\link.write.1.tlog
