c:\users\fedor\source\repos\lab2oop\primenumgenerator\release\primenumgenerator.pch
c:\users\fedor\source\repos\lab2oop\primenumgenerator\release\vc141.pdb
c:\users\fedor\source\repos\lab2oop\primenumgenerator\release\stdafx.obj
c:\users\fedor\source\repos\lab2oop\primenumgenerator\release\primenumgenerator.obj
c:\users\fedor\source\repos\lab2oop\primenumgenerator\release\generator.obj
c:\users\fedor\source\repos\lab2oop\release\primenumgenerator.ipdb
c:\users\fedor\source\repos\lab2oop\release\primenumgenerator.iobj
c:\users\fedor\source\repos\lab2oop\release\primenumgenerator.pdb
c:\users\fedor\source\repos\lab2oop\release\primenumgenerator.exe
c:\users\fedor\source\repos\lab2oop\primenumgenerator\release\primenum.bcb4ceb1.tlog\cl.command.1.tlog
c:\users\fedor\source\repos\lab2oop\primenumgenerator\release\primenum.bcb4ceb1.tlog\cl.read.1.tlog
c:\users\fedor\source\repos\lab2oop\primenumgenerator\release\primenum.bcb4ceb1.tlog\cl.write.1.tlog
c:\users\fedor\source\repos\lab2oop\primenumgenerator\release\primenum.bcb4ceb1.tlog\link-dw20-dwwin.read.2.tlog
c:\users\fedor\source\repos\lab2oop\primenumgenerator\release\primenum.bcb4ceb1.tlog\link-dw20-dwwin.read.4.tlog
c:\users\fedor\source\repos\lab2oop\primenumgenerator\release\primenum.bcb4ceb1.tlog\link-dw20-dwwin.read.5.tlog
c:\users\fedor\source\repos\lab2oop\primenumgenerator\release\primenum.bcb4ceb1.tlog\link-dw20-dwwin.read.7.tlog
c:\users\fedor\source\repos\lab2oop\primenumgenerator\release\primenum.bcb4ceb1.tlog\link-dw20-dwwin.read.9.tlog
c:\users\fedor\source\repos\lab2oop\primenumgenerator\release\primenum.bcb4ceb1.tlog\link-dw20-dwwin.write.2.tlog
c:\users\fedor\source\repos\lab2oop\primenumgenerator\release\primenum.bcb4ceb1.tlog\link-dw20.read.1.tlog
c:\users\fedor\source\repos\lab2oop\primenumgenerator\release\primenum.bcb4ceb1.tlog\link.command.1.tlog
c:\users\fedor\source\repos\lab2oop\primenumgenerator\release\primenum.bcb4ceb1.tlog\link.read.1.tlog
c:\users\fedor\source\repos\lab2oop\primenumgenerator\release\primenum.bcb4ceb1.tlog\link.write.1.tlog
c:\users\fedor\source\repos\lab2oop\primenumgenerator\release\primenum.bcb4ceb1.tlog\primenumgenerator.write.1u.tlog
